Build started 6/24/2014 3:59:23 PM.
     1>Project "C:\Users\snixaa14\13.2\13.2\13.2.vcxproj" on node 2 (Build target(s)).
     1>ClCompile:
         C:\Program Files (x86)\Microsoft Visual Studio 11.0\VC\bin\CL.exe /c /ZI /nologo /W3 /WX- /Od /Oy- /D WIN32 /D _DEBUG /D _CONSOLE /D _UNICODE /D UNICODE /Gm /EHsc /RTC1 /MDd /GS /fp:precise /Zc:wchar_t /Zc:forScope /Fo"Debug\\" /Fd"Debug\vc110.pdb" /Gd /TP /analyze- /errorReport:prompt Source.cpp
         Source.cpp
     1>c:\users\snixaa14\13.2\13.2\source.cpp(13): error C3867: 'std::basic_istream<_Elem,_Traits>::ignore': function call missing argument list; use '&std::basic_istream<_Elem,_Traits>::ignore' to create a pointer to member
                 with
                 [
                     _Elem=char,
                     _Traits=std::char_traits<char>
                 ]
     1>c:\users\snixaa14\13.2\13.2\source.cpp(26): warning C4018: '<' : signed/unsigned mismatch
     1>Done Building Project "C:\Users\snixaa14\13.2\13.2\13.2.vcxproj" (Build target(s)) -- FAILED.

Build FAILED.

Time Elapsed 00:00:00.38
